[2025-08-20 19:09:36,669: INFO: common: yaml file: config/config.yaml loaded successfully]
[2025-08-20 19:09:36,670: INFO: common: yaml file: params.yaml loaded successfully]
[2025-08-20 19:09:36,671: INFO: common: created directory at: artifacts]
[2025-08-20 19:09:36,672: INFO: common: created directory at: artifacts/data_ingestion]
[2025-08-20 19:09:36,672: INFO: 586056171: Downloading data from https://drive.google.com/file/d/1z0mreUtRmR-P-magILsDR3T7M6IkGXtY/view?usp=sharing into file artifacts/data_ingestion/data.zip]
[2025-08-20 19:09:47,815: INFO: 586056171: Downloaded data from https://drive.google.com/file/d/1z0mreUtRmR-P-magILsDR3T7M6IkGXtY/view?usp=sharing into file artifacts/data_ingestion/data.zip]
[2025-08-20 19:13:13,070: INFO: common: yaml file: config/config.yaml loaded successfully]
[2025-08-20 19:13:13,073: INFO: common: yaml file: params.yaml loaded successfully]
[2025-08-20 19:13:13,073: INFO: common: created directory at: artifacts]
[2025-08-20 19:13:13,074: INFO: common: created directory at: artifacts/prepare_base_model]
[2025-08-20 19:13:13,239: WARNING: saving_utils: Compiled the loaded model, but the compiled metrics have yet to be built. `model.compile_metrics` will be empty until you train or evaluate the model.]
[2025-08-20 19:13:13,267: WARNING: optimizer: At this time, the v2.11+ optimizer `tf.keras.optimizers.SGD` runs slowly on M1/M2 Macs, please use the legacy Keras optimizer instead, located at `tf.keras.optimizers.legacy.SGD`.]
[2025-08-20 19:13:13,268: WARNING: __init__: There is a known slowdown when using v2.11+ Keras optimizers on M1/M2 Macs. Falling back to the legacy Keras optimizer, i.e., `tf.keras.optimizers.legacy.SGD`.]
[2025-08-20 19:15:03,009: INFO: common: yaml file: config/config.yaml loaded successfully]
[2025-08-20 19:15:03,012: INFO: common: yaml file: params.yaml loaded successfully]
[2025-08-20 19:15:03,013: INFO: common: created directory at: artifacts]
[2025-08-20 19:15:03,014: INFO: common: created directory at: artifacts/training]
[2025-08-20 20:07:48,115: INFO: common: yaml file: config/config.yaml loaded successfully]
[2025-08-20 20:07:48,116: INFO: common: yaml file: params.yaml loaded successfully]
[2025-08-20 20:07:48,118: INFO: common: created directory at: artifacts]
[2025-08-20 20:07:52,550: INFO: common: json file saved at: scores.json]
[2025-08-20 20:10:14,611: INFO: _client: HTTP Request: GET https://dagshub.com/api/v1/user "HTTP/1.1 200 OK"]
[2025-08-20 20:10:14,620: INFO: helpers: Accessing as kyawzin.ccna]
[2025-08-20 20:10:15,331: INFO: _client: HTTP Request: GET https://dagshub.com/api/v1/repos/kyawzin.ccna/End-to-End-Chest-Cancer "HTTP/1.1 200 OK"]
[2025-08-20 20:10:15,996: INFO: _client: HTTP Request: GET https://dagshub.com/api/v1/user "HTTP/1.1 200 OK"]
[2025-08-20 20:10:16,000: INFO: helpers: Initialized MLflow to track repo "kyawzin.ccna/End-to-End-Chest-Cancer"]
[2025-08-20 20:10:16,002: INFO: helpers: Repository kyawzin.ccna/End-to-End-Chest-Cancer initialized!]
[2025-08-20 20:17:20,886: INFO: _client: HTTP Request: GET https://dagshub.com/api/v1/repos/kyawzin.ccna/End-to-End-Chest-Cancer "HTTP/1.1 200 OK"]
[2025-08-20 20:17:20,890: INFO: helpers: Initialized MLflow to track repo "kyawzin.ccna/End-to-End-Chest-Cancer"]
[2025-08-20 20:17:20,891: INFO: helpers: Repository kyawzin.ccna/End-to-End-Chest-Cancer initialized!]
[2025-08-20 20:19:02,981: WARNING: connectionpool: Retrying (Retry(total=4, connect=5, read=4, redirect=5, status=5)) after connection broken by 'RemoteDisconnected('Remote end closed connection without response')': /kyawzin.ccna/End-to-End-Chest-Cancer.mlflow/api/2.0/mlflow/runs/create]
[2025-08-20 20:19:05,458: INFO: common: yaml file: config/config.yaml loaded successfully]
[2025-08-20 20:19:05,459: INFO: common: yaml file: params.yaml loaded successfully]
[2025-08-20 20:19:05,459: INFO: common: created directory at: artifacts]
[2025-08-20 20:19:09,866: INFO: common: json file saved at: scores.json]
[2025-08-20 20:19:12,244: INFO: builder_impl: Assets written to: /var/folders/h5/lwd5n1zx7vjf3s426pbjh4m40000gn/T/tmptwt_67vb/model/data/model/assets]
[2025-08-20 20:22:08,841: INFO: common: yaml file: config/config.yaml loaded successfully]
[2025-08-20 20:22:08,843: INFO: common: yaml file: params.yaml loaded successfully]
[2025-08-20 20:22:08,844: INFO: common: created directory at: artifacts]
[2025-08-20 20:22:13,233: INFO: common: json file saved at: scores.json]
[2025-08-20 20:22:15,654: INFO: builder_impl: Assets written to: /var/folders/h5/lwd5n1zx7vjf3s426pbjh4m40000gn/T/tmpf7rj5oku/model/data/model/assets]
[2025-08-20 20:24:10,878: INFO: common: yaml file: config/config.yaml loaded successfully]
[2025-08-20 20:24:10,881: INFO: common: yaml file: params.yaml loaded successfully]
[2025-08-20 20:24:10,882: INFO: common: created directory at: artifacts]
[2025-08-20 20:24:15,227: INFO: common: json file saved at: scores.json]
[2025-08-20 20:24:16,909: INFO: builder_impl: Assets written to: /var/folders/h5/lwd5n1zx7vjf3s426pbjh4m40000gn/T/tmpko3e6upj/model/data/model/assets]
[2025-08-20 20:48:14,408: INFO: main: >>>>>> stage Data Ingestion stage started <<<<<<]
[2025-08-20 20:48:14,409: INFO: common: yaml file: config/config.yaml loaded successfully]
[2025-08-20 20:48:14,410: INFO: common: yaml file: params.yaml loaded successfully]
[2025-08-20 20:48:14,410: INFO: common: created directory at: artifacts]
[2025-08-20 20:48:14,410: INFO: common: created directory at: artifacts/data_ingestion]
[2025-08-20 20:48:14,410: INFO: data_ingestion: Downloading data from https://drive.google.com/file/d/1z0mreUtRmR-P-magILsDR3T7M6IkGXtY/view?usp=sharing into file artifacts/data_ingestion/data.zip]
[2025-08-20 20:48:24,374: INFO: data_ingestion: Downloaded data from https://drive.google.com/file/d/1z0mreUtRmR-P-magILsDR3T7M6IkGXtY/view?usp=sharing into file artifacts/data_ingestion/data.zip]
[2025-08-20 20:48:24,568: INFO: main: >>>>>> stage Data Ingestion stage completed <<<<<<

x==========x]
[2025-08-20 20:48:24,568: INFO: main: *******************]
[2025-08-20 20:48:24,568: INFO: main: >>>>>> stage Prepare base model started <<<<<<]
[2025-08-20 20:48:24,568: INFO: common: yaml file: config/config.yaml loaded successfully]
[2025-08-20 20:48:24,569: INFO: common: yaml file: params.yaml loaded successfully]
[2025-08-20 20:48:24,569: INFO: common: created directory at: artifacts]
[2025-08-20 20:48:24,569: INFO: common: created directory at: artifacts/prepare_base_model]
[2025-08-20 20:48:24,710: WARNING: saving_utils: Compiled the loaded model, but the compiled metrics have yet to be built. `model.compile_metrics` will be empty until you train or evaluate the model.]
[2025-08-20 20:48:24,752: INFO: main: >>>>>> stage Prepare base model completed <<<<<<

x==========x]
[2025-08-20 20:48:24,752: INFO: main: *******************]
[2025-08-20 20:48:24,752: INFO: main: >>>>>> stage Training started <<<<<<]
[2025-08-20 20:48:24,752: INFO: common: yaml file: config/config.yaml loaded successfully]
[2025-08-20 20:48:24,753: INFO: common: yaml file: params.yaml loaded successfully]
[2025-08-20 20:48:24,753: INFO: common: created directory at: artifacts]
[2025-08-20 20:48:24,753: INFO: common: created directory at: artifacts/training]
[2025-08-20 20:48:38,277: INFO: main: >>>>>> stage Training completed <<<<<<

x==========x]
[2025-08-20 20:48:38,278: INFO: main: *******************]
[2025-08-20 20:48:38,278: INFO: main: >>>>>> stage Evaluation stage started <<<<<<]
[2025-08-20 20:48:38,278: INFO: common: yaml file: config/config.yaml loaded successfully]
[2025-08-20 20:48:38,279: INFO: common: yaml file: params.yaml loaded successfully]
[2025-08-20 20:48:38,279: INFO: common: created directory at: artifacts]
[2025-08-20 20:48:42,660: INFO: common: json file saved at: scores.json]
[2025-08-20 20:48:42,660: INFO: common: json file saved at: scores.json]
[2025-08-20 20:48:42,660: INFO: main: >>>>>> stage Evaluation stage completed <<<<<<

x==========x]
[2025-08-20 20:50:49,113: INFO: main: >>>>>> stage Data Ingestion stage started <<<<<<]
[2025-08-20 20:50:49,114: INFO: common: yaml file: config/config.yaml loaded successfully]
[2025-08-20 20:50:49,115: INFO: common: yaml file: params.yaml loaded successfully]
[2025-08-20 20:50:49,115: INFO: common: created directory at: artifacts]
[2025-08-20 20:50:49,115: INFO: common: created directory at: artifacts/data_ingestion]
[2025-08-20 20:50:49,115: INFO: data_ingestion: Downloading data from https://drive.google.com/file/d/1z0mreUtRmR-P-magILsDR3T7M6IkGXtY/view?usp=sharing into file artifacts/data_ingestion/data.zip]
[2025-08-20 20:50:59,142: INFO: data_ingestion: Downloaded data from https://drive.google.com/file/d/1z0mreUtRmR-P-magILsDR3T7M6IkGXtY/view?usp=sharing into file artifacts/data_ingestion/data.zip]
[2025-08-20 20:50:59,335: INFO: main: >>>>>> stage Data Ingestion stage completed <<<<<<

x==========x]
[2025-08-20 20:50:59,335: INFO: main: *******************]
[2025-08-20 20:50:59,335: INFO: main: >>>>>> stage Prepare base model started <<<<<<]
[2025-08-20 20:50:59,335: INFO: common: yaml file: config/config.yaml loaded successfully]
[2025-08-20 20:50:59,336: INFO: common: yaml file: params.yaml loaded successfully]
[2025-08-20 20:50:59,336: INFO: common: created directory at: artifacts]
[2025-08-20 20:50:59,336: INFO: common: created directory at: artifacts/prepare_base_model]
[2025-08-20 20:50:59,482: WARNING: saving_utils: Compiled the loaded model, but the compiled metrics have yet to be built. `model.compile_metrics` will be empty until you train or evaluate the model.]
[2025-08-20 20:50:59,524: INFO: main: >>>>>> stage Prepare base model completed <<<<<<

x==========x]
[2025-08-20 20:50:59,525: INFO: main: *******************]
[2025-08-20 20:50:59,525: INFO: main: >>>>>> stage Training started <<<<<<]
[2025-08-20 20:50:59,526: INFO: common: yaml file: config/config.yaml loaded successfully]
[2025-08-20 20:50:59,526: INFO: common: yaml file: params.yaml loaded successfully]
[2025-08-20 20:50:59,526: INFO: common: created directory at: artifacts]
[2025-08-20 20:50:59,526: INFO: common: created directory at: artifacts/training]
[2025-08-20 20:51:13,026: INFO: main: >>>>>> stage Training completed <<<<<<

x==========x]
[2025-08-20 20:51:13,026: INFO: main: *******************]
[2025-08-20 20:51:13,026: INFO: main: >>>>>> stage Evaluation stage started <<<<<<]
[2025-08-20 20:51:13,027: INFO: common: yaml file: config/config.yaml loaded successfully]
[2025-08-20 20:51:13,027: INFO: common: yaml file: params.yaml loaded successfully]
[2025-08-20 20:51:13,027: INFO: common: created directory at: artifacts]
[2025-08-20 20:51:17,279: INFO: common: json file saved at: scores.json]
[2025-08-20 20:51:17,279: INFO: common: json file saved at: scores.json]
[2025-08-20 20:51:17,925: INFO: builder_impl: Assets written to: /var/folders/h5/lwd5n1zx7vjf3s426pbjh4m40000gn/T/tmp2r6_yz2k/model/data/model/assets]
[2025-08-20 20:51:20,843: INFO: main: >>>>>> stage Evaluation stage completed <<<<<<

x==========x]
[2025-08-20 20:52:15,986: INFO: main: >>>>>> stage Data Ingestion stage started <<<<<<]
[2025-08-20 20:52:15,987: INFO: common: yaml file: config/config.yaml loaded successfully]
[2025-08-20 20:52:15,987: INFO: common: yaml file: params.yaml loaded successfully]
[2025-08-20 20:52:15,987: INFO: common: created directory at: artifacts]
[2025-08-20 20:52:15,988: INFO: common: created directory at: artifacts/data_ingestion]
[2025-08-20 20:52:15,988: INFO: data_ingestion: Downloading data from https://drive.google.com/file/d/1z0mreUtRmR-P-magILsDR3T7M6IkGXtY/view?usp=sharing into file artifacts/data_ingestion/data.zip]
[2025-08-20 20:52:26,682: INFO: data_ingestion: Downloaded data from https://drive.google.com/file/d/1z0mreUtRmR-P-magILsDR3T7M6IkGXtY/view?usp=sharing into file artifacts/data_ingestion/data.zip]
[2025-08-20 20:52:26,877: INFO: main: >>>>>> stage Data Ingestion stage completed <<<<<<

x==========x]
[2025-08-20 20:52:26,877: INFO: main: *******************]
[2025-08-20 20:52:26,877: INFO: main: >>>>>> stage Prepare base model started <<<<<<]
[2025-08-20 20:52:26,878: INFO: common: yaml file: config/config.yaml loaded successfully]
[2025-08-20 20:52:26,878: INFO: common: yaml file: params.yaml loaded successfully]
[2025-08-20 20:52:26,878: INFO: common: created directory at: artifacts]
[2025-08-20 20:52:26,878: INFO: common: created directory at: artifacts/prepare_base_model]
[2025-08-20 20:52:27,015: WARNING: saving_utils: Compiled the loaded model, but the compiled metrics have yet to be built. `model.compile_metrics` will be empty until you train or evaluate the model.]
[2025-08-20 20:52:27,073: INFO: main: >>>>>> stage Prepare base model completed <<<<<<

x==========x]
[2025-08-20 20:52:27,073: INFO: main: *******************]
[2025-08-20 20:52:27,073: INFO: main: >>>>>> stage Training started <<<<<<]
[2025-08-20 20:52:27,073: INFO: common: yaml file: config/config.yaml loaded successfully]
[2025-08-20 20:52:27,074: INFO: common: yaml file: params.yaml loaded successfully]
[2025-08-20 20:52:27,074: INFO: common: created directory at: artifacts]
[2025-08-20 20:52:27,074: INFO: common: created directory at: artifacts/training]
[2025-08-20 20:52:40,504: INFO: main: >>>>>> stage Training completed <<<<<<

x==========x]
[2025-08-20 20:52:40,504: INFO: main: *******************]
[2025-08-20 20:52:40,504: INFO: main: >>>>>> stage Evaluation stage started <<<<<<]
[2025-08-20 20:52:40,505: INFO: common: yaml file: config/config.yaml loaded successfully]
[2025-08-20 20:52:40,505: INFO: common: yaml file: params.yaml loaded successfully]
[2025-08-20 20:52:40,505: INFO: common: created directory at: artifacts]
[2025-08-20 20:52:44,757: INFO: common: json file saved at: scores.json]
[2025-08-20 20:52:44,757: INFO: common: json file saved at: scores.json]
[2025-08-20 20:52:44,757: INFO: main: >>>>>> stage Evaluation stage completed <<<<<<

x==========x]
